Arguments: 
  C:\Program Files\nodejs\node.exe C:\Users\Krasi\AppData\Roaming\npm\node_modules\yarn\bin\yarn.js init

PATH: 
  C:\Users\Krasi\bin;C:\Program Files\Git\mingw64\bin;C:\Program Files\Git\usr\local\bin;C:\Program Files\Git\usr\bin;C:\Program Files\Git\usr\bin;C:\Program Files\Git\mingw64\bin;C:\Program Files\Git\usr\bin;C:\Users\Krasi\bin;C:\ProgramData\DockerDesktop\version-bin;C:\Program Files\Docker\Docker\Resources\bin;C:\Windows\system32;C:\Windows;C:\Windows\System32\Wbem;C:\Windows\System32\WindowsPowerShell\v1.0;C:\Program Files (x86)\NoteBook FanControl;C:\Program Files\Git\cmd;C:\ProgramData\chocolatey\bin;C:\Program Files\dotnet;C:\Program Files\Microsoft SQL Server\130\Tools\Binn;C:\Users\Krasi\AppData\Roaming\nvm;C:\Program Files\nodejs;C:\Program Files\Microsoft SQL Server\Client SDK\ODBC\130\Tools\Binn;C:\Program Files (x86)\Microsoft SQL Server\140\Tools\Binn;C:\Program Files\Microsoft SQL Server\140\Tools\Binn;C:\Program Files\Microsoft SQL Server\140\DTS\Binn;C:\Program Files (x86)\Microsoft SQL Server\Client SDK\ODBC\130\Tools\Binn;C:\Program Files (x86)\Microsoft SQL Server\140\DTS\Binn;C:\Program Files (x86)\Microsoft SQL Server\140\Tools\Binn\ManagementStudio;C:\Users\Krasi\AppData\Local\Microsoft\WindowsApps;C:\Users\Krasi\AppData\Local\Programs\Microsoft VS Code\bin;C:\Users\Krasi\AppData\Roaming\npm;C:\Program Files\Git\node_modules\typescript\lib;C:\Users\Krasi\AppData\Roaming\nvm;C:\Program Files\nodejs;E:\learning\nodejs-learning\lib\node_modules\.bin;E:\learning\mern-stack\node_modules\.bin;C:\Program Files\Git\usr\bin\vendor_perl;C:\Program Files\Git\usr\bin\core_perl

Yarn version: 
  1.15.2

Node version: 
  11.12.0

Platform: 
  win32 x64

Trace: 
  Error: Can't answer a question unless a user TTY
      at ConsoleReporter.question (C:\Users\Krasi\AppData\Roaming\npm\node_modules\yarn\lib\cli.js:95985:59)
      at Object.<anonymous> (C:\Users\Krasi\AppData\Roaming\npm\node_modules\yarn\lib\cli.js:88354:38)
      at Generator.next (<anonymous>)
      at step (C:\Users\Krasi\AppData\Roaming\npm\node_modules\yarn\lib\cli.js:304:30)
      at C:\Users\Krasi\AppData\Roaming\npm\node_modules\yarn\lib\cli.js:315:13
      at processTicksAndRejections (internal/process/next_tick.js:81:5)

npm manifest: 
  No manifest

yarn manifest: 
  No manifest

Lockfile: 
  No lockfile
